<?xml version="1.0" encoding="UTF-8"?>
<testsuite name="com.groovylsp.presentation.GroovyLanguageServerTest" tests="4" skipped="0" failures="0" errors="0" timestamp="2025-06-14T10:15:01" hostname="fujino-pve" time="0.023">
  <properties/>
  <testcase name="testGetWorkspaceService()" classname="com.groovylsp.presentation.GroovyLanguageServerTest" time="0.012"/>
  <testcase name="testInitialize()" classname="com.groovylsp.presentation.GroovyLanguageServerTest" time="0.009"/>
  <testcase name="testGetTextDocumentService()" classname="com.groovylsp.presentation.GroovyLanguageServerTest" time="0.0"/>
  <testcase name="testShutdown()" classname="com.groovylsp.presentation.GroovyLanguageServerTest" time="0.0"/>
  <system-out><![CDATA[]]></system-out>
  <system-err><![CDATA[]]></system-err>
</testsuite>
